# JRE version: OpenJDK Runtime Environment (21.0.4) (build 21.0.4+-12508038-b607.1)
# Java VM: OpenJDK 64-Bit Server VM (21.0.4+-12508038-b607.1, mixed mode, tiered, compressed oops, compressed class ptrs, g1 gc, windows-amd64)
GC Precious Log:
 CardTable entry size: 512
 Card Set container configuration: InlinePtr #cards 5 size 8 Array Of Cards #cards 12 size 40 Howl #buckets 4 coarsen threshold 1843 Howl Bitmap #cards 512 size 80 coarsen threshold 460 Card regions per heap region 1 cards per card region 2048
 CPUs: 4 total, 4 available
 Memory: 8071M
 Large Page Support: Disabled
 NUMA Support: Disabled
 Compressed Oops: Enabled (32-bit)
 Heap Region Size: 1M
 Heap Min Capacity: 8M
 Heap Initial Capacity: 128M
 Heap Max Capacity: 2G
 Pre-touch: Disabled
 Parallel Workers: 4
 Concurrent Workers: 1
 Concurrent Refinement Workers: 4
 Periodic GC: Disabled
Heap:
 garbage-first heap   total 408576K, used 206894K [0x0000000080000000, 0x0000000100000000)
  region size 1024K, 14 young (14336K), 14 survivors (14336K)
 Metaspace       used 175472K, committed 177024K, reserved 1245184K
  class space    used 22527K, committed 23296K, reserved 1048576K
GC Heap History (20 events):
Event: 11005.233 GC heap after
{Heap after GC invocations=106 (full 0):
 garbage-first heap   total 408576K, used 204029K [0x0000000080000000, 0x0000000100000000)
  region size 1024K, 9 young (9216K), 9 survivors (9216K)
 Metaspace       used 175103K, committed 176704K, reserved 1245184K
  class space    used 22509K, committed 23296K, reserved 1048576K
}
Event: 11006.570 GC heap before
{Heap before GC invocations=106 (full 0):
 garbage-first heap   total 408576K, used 376061K [0x0000000080000000, 0x0000000100000000)
  region size 1024K, 178 young (182272K), 9 survivors (9216K)
 Metaspace       used 175190K, committed 176768K, reserved 1245184K
  class space    used 22522K, committed 23296K, reserved 1048576K
}
Event: 11006.583 GC heap after
{Heap after GC invocations=107 (full 0):
 garbage-first heap   total 408576K, used 203023K [0x0000000080000000, 0x0000000100000000)
  region size 1024K, 8 young (8192K), 8 survivors (8192K)
 Metaspace       used 175190K, committed 176768K, reserved 1245184K
  class space    used 22522K, committed 23296K, reserved 1048576K
}
Event: 11008.338 GC heap before
{Heap before GC invocations=108 (full 0):
 garbage-first heap   total 408576K, used 378127K [0x0000000080000000, 0x0000000100000000)
  region size 1024K, 179 young (183296K), 8 survivors (8192K)
 Metaspace       used 175216K, committed 176832K, reserved 1245184K
  class space    used 22524K, committed 23296K, reserved 1048576K
}
Event: 11008.355 GC heap after
{Heap after GC invocations=109 (full 0):
 garbage-first heap   total 408576K, used 205966K [0x0000000080000000, 0x0000000100000000)
  region size 1024K, 10 young (10240K), 10 survivors (10240K)
 Metaspace       used 175216K, committed 176832K, reserved 1245184K
  class space    used 22524K, committed 23296K, reserved 1048576K
}
Event: 11009.608 GC heap before
{Heap before GC invocations=109 (full 0):
 garbage-first heap   total 408576K, used 375950K [0x0000000080000000, 0x0000000100000000)
  region size 1024K, 176 young (180224K), 10 survivors (10240K)
 Metaspace       used 175244K, committed 176832K, reserved 1245184K
  class space    used 22525K, committed 23296K, reserved 1048576K
}
Event: 11009.653 GC heap after
{Heap after GC invocations=110 (full 0):
 garbage-first heap   total 408576K, used 214119K [0x0000000080000000, 0x0000000100000000)
  region size 1024K, 22 young (22528K), 22 survivors (22528K)
 Metaspace       used 175244K, committed 176832K, reserved 1245184K
  class space    used 22525K, committed 23296K, reserved 1048576K
}
Event: 11009.994 GC heap before
{Heap before GC invocations=110 (full 0):
 garbage-first heap   total 408576K, used 363623K [0x0000000080000000, 0x0000000100000000)
  region size 1024K, 168 young (172032K), 22 survivors (22528K)
 Metaspace       used 175255K, committed 176832K, reserved 1245184K
  class space    used 22525K, committed 23296K, reserved 1048576K
}
Event: 11010.025 GC heap after
{Heap after GC invocations=111 (full 0):
 garbage-first heap   total 408576K, used 218494K [0x0000000080000000, 0x0000000100000000)
  region size 1024K, 6 young (6144K), 6 survivors (6144K)
 Metaspace       used 175255K, committed 176832K, reserved 1245184K
  class space    used 22525K, committed 23296K, reserved 1048576K
}
Event: 11011.445 GC heap before
{Heap before GC invocations=112 (full 0):
 garbage-first heap   total 408576K, used 379262K [0x0000000080000000, 0x0000000100000000)
  region size 1024K, 164 young (167936K), 6 survivors (6144K)
 Metaspace       used 175358K, committed 176960K, reserved 1245184K
  class space    used 22526K, committed 23296K, reserved 1048576K
}
Event: 11011.461 GC heap after
{Heap after GC invocations=113 (full 0):
 garbage-first heap   total 408576K, used 223999K [0x0000000080000000, 0x0000000100000000)
  region size 1024K, 11 young (11264K), 11 survivors (11264K)
 Metaspace       used 175358K, committed 176960K, reserved 1245184K
  class space    used 22526K, committed 23296K, reserved 1048576K
}
Event: 11012.115 GC heap before
{Heap before GC invocations=113 (full 0):
 garbage-first heap   total 408576K, used 378623K [0x0000000080000000, 0x0000000100000000)
  region size 1024K, 159 young (162816K), 11 survivors (11264K)
 Metaspace       used 175417K, committed 177024K, reserved 1245184K
  class space    used 22526K, committed 23296K, reserved 1048576K
}
Event: 11012.142 GC heap after
{Heap after GC invocations=114 (full 0):
 garbage-first heap   total 408576K, used 217181K [0x0000000080000000, 0x0000000100000000)
  region size 1024K, 8 young (8192K), 8 survivors (8192K)
 Metaspace       used 175417K, committed 177024K, reserved 1245184K
  class space    used 22526K, committed 23296K, reserved 1048576K
}
Event: 11012.796 GC heap before
{Heap before GC invocations=114 (full 0):
 garbage-first heap   total 408576K, used 377949K [0x0000000080000000, 0x0000000100000000)
  region size 1024K, 165 young (168960K), 8 survivors (8192K)
 Metaspace       used 175440K, committed 177024K, reserved 1245184K
  class space    used 22526K, committed 23296K, reserved 1048576K
}
Event: 11012.812 GC heap after
{Heap after GC invocations=115 (full 0):
 garbage-first heap   total 408576K, used 217664K [0x0000000080000000, 0x0000000100000000)
  region size 1024K, 9 young (9216K), 9 survivors (9216K)
 Metaspace       used 175440K, committed 177024K, reserved 1245184K
  class space    used 22526K, committed 23296K, reserved 1048576K
}
Event: 11013.624 GC heap before
{Heap before GC invocations=116 (full 0):
 garbage-first heap   total 408576K, used 376384K [0x0000000080000000, 0x0000000100000000)
  region size 1024K, 164 young (167936K), 9 survivors (9216K)
 Metaspace       used 175441K, committed 177024K, reserved 1245184K
  class space    used 22526K, committed 23296K, reserved 1048576K
}
Event: 11013.641 GC heap after
{Heap after GC invocations=117 (full 0):
 garbage-first heap   total 408576K, used 217286K [0x0000000080000000, 0x0000000100000000)
  region size 1024K, 8 young (8192K), 8 survivors (8192K)
 Metaspace       used 175441K, committed 177024K, reserved 1245184K
  class space    used 22526K, committed 23296K, reserved 1048576K
}
Event: 11014.269 GC heap before
{Heap before GC invocations=117 (full 0):
 garbage-first heap   total 408576K, used 378054K [0x0000000080000000, 0x0000000100000000)
  region size 1024K, 165 young (168960K), 8 survivors (8192K)
 Metaspace       used 175441K, committed 177024K, reserved 1245184K
  class space    used 22526K, committed 23296K, reserved 1048576K
}
Event: 11014.295 GC heap after
{Heap after GC invocations=118 (full 0):
 garbage-first heap   total 408576K, used 201907K [0x0000000080000000, 0x0000000100000000)
  region size 1024K, 9 young (9216K), 9 survivors (9216K)
 Metaspace       used 175441K, committed 177024K, reserved 1245184K
  class space    used 22526K, committed 23296K, reserved 1048576K
}
Event: 11015.028 GC heap before
{Heap before GC invocations=118 (full 0):
 garbage-first heap   total 408576K, used 365747K [0x0000000080000000, 0x0000000100000000)
  region size 1024K, 170 young (174080K), 9 survivors (9216K)
 Metaspace       used 175472K, committed 177024K, reserved 1245184K
  class space    used 22527K, committed 23296K, reserved 1048576K
}

